/*C38*/SET SCHEMA PUBLIC
CREATE TABLE IF NOT EXISTS PAISES (NOMBRE VARCHAR(30) PRIMARY KEY, PRESIDENTE VARCHAR(50), PIB BIGINT, COEFICIENTEGINI DOUBLE)
DISCONNECT
/*C40*/SET SCHEMA PUBLIC
DISCONNECT
/*C39*/SET SCHEMA PUBLIC
DISCONNECT
/*C42*/SET SCHEMA PUBLIC
DISCONNECT
/*C41*/SET SCHEMA PUBLIC
DISCONNECT
/*C44*/SET SCHEMA PUBLIC
DISCONNECT
/*C43*/SET SCHEMA PUBLIC
DISCONNECT
/*C46*/SET SCHEMA PUBLIC
DISCONNECT
/*C45*/SET SCHEMA PUBLIC
DISCONNECT
/*C48*/SET SCHEMA PUBLIC
DISCONNECT
/*C47*/SET SCHEMA PUBLIC
DISCONNECT
/*C50*/SET SCHEMA PUBLIC
DISCONNECT
/*C49*/SET SCHEMA PUBLIC
DISCONNECT
/*C52*/SET SCHEMA PUBLIC
DISCONNECT
/*C51*/SET SCHEMA PUBLIC
DISCONNECT
/*C54*/SET SCHEMA PUBLIC
DISCONNECT
/*C53*/SET SCHEMA PUBLIC
DISCONNECT
/*C55*/SET SCHEMA PUBLIC
DISCONNECT
/*C56*/SET SCHEMA PUBLIC
DISCONNECT
/*C58*/SET SCHEMA PUBLIC
DISCONNECT
/*C57*/SET SCHEMA PUBLIC
INSERT INTO PAISES VALUES('Argelia','Abdelmadjid Tebboune',221957,27.6E0)
COMMIT
DISCONNECT
/*C59*/SET SCHEMA PUBLIC
DISCONNECT
/*C61*/SET SCHEMA PUBLIC
DISCONNECT
/*C60*/SET SCHEMA PUBLIC
DELETE FROM PAISES WHERE NOMBRE='Argelia'
COMMIT
DISCONNECT
/*C62*/SET SCHEMA PUBLIC
DISCONNECT
/*C63*/SET SCHEMA PUBLIC
DELETE FROM PAISES WHERE NOMBRE='Belice'
DELETE FROM PAISES WHERE NOMBRE='Costa Rica'
DELETE FROM PAISES WHERE NOMBRE='El Salvador'
DELETE FROM PAISES WHERE NOMBRE='Guatemala'
DELETE FROM PAISES WHERE NOMBRE='Honduras'
DELETE FROM PAISES WHERE NOMBRE='M\u00e9xico'
DELETE FROM PAISES WHERE NOMBRE='Nicaragua'
DELETE FROM PAISES WHERE NOMBRE='Panam\u00e1'
INSERT INTO PAISES VALUES('Belice','Froyla Tzalam',2027000064,53.3E0)
INSERT INTO PAISES VALUES('Costa Rica','Rodrigo Chaves',129989999104,47.2E0)
INSERT INTO PAISES VALUES('El Salvador','Nayib Bukele',74858002944,11.496296296296295E0)
INSERT INTO PAISES VALUES('Guatemala','Alejandro Giammattei',185514007040,48.3E0)
INSERT INTO PAISES VALUES('Honduras','Xiomara Castro',85665004032,14.28148148148148E0)
INSERT INTO PAISES VALUES('M\u00e9xico','Andr\u00e9s Manuel L\u00f3pez Obrador',2890724956672,13.45185185185185E0)
INSERT INTO PAISES VALUES('Nicaragua','Daniel Ortega',47810001408,46.2E0)
INSERT INTO PAISES VALUES('Panam\u00e1','Laurentino Cortizo',128539998720,50.9E0)
COMMIT
DISCONNECT
/*C64*/SET SCHEMA PUBLIC
DISCONNECT
/*C65*/SET SCHEMA PUBLIC
DISCONNECT
/*C66*/SET SCHEMA PUBLIC
DELETE FROM PAISES WHERE NOMBRE='El Salvador'
INSERT INTO PAISES VALUES('El Salvador','Nayib Bukele',74858002944,7.664197530864197E0)
COMMIT
DISCONNECT
/*C67*/SET SCHEMA PUBLIC
DISCONNECT
/*C68*/SET SCHEMA PUBLIC
DELETE FROM PAISES WHERE NOMBRE='Honduras'
INSERT INTO PAISES VALUES('Honduras','Xiomara Castro',85665004032,9.520987654320987E0)
COMMIT
DISCONNECT
/*C69*/SET SCHEMA PUBLIC
DISCONNECT
/*C70*/SET SCHEMA PUBLIC
DELETE FROM PAISES WHERE NOMBRE='M\u00e9xico'
INSERT INTO PAISES VALUES('M\u00e9xico','Andr\u00e9s Manuel L\u00f3pez Obrador',2890724956672,8.9679012345679E0)
COMMIT
DISCONNECT
/*C71*/SET SCHEMA PUBLIC
DISCONNECT
/*C72*/SET SCHEMA PUBLIC
DISCONNECT
/*C73*/SET SCHEMA PUBLIC
DISCONNECT
