/*C1*/SET SCHEMA SYSTEM_LOBS
INSERT INTO BLOCKS VALUES(0,2147483647,0)
COMMIT
/*C2*/SET SCHEMA PUBLIC
CREATE TABLE IF NOT EXISTS PAISES (NOMBRE VARCHAR(30) PRIMARY KEY, PRESIDENTE VARCHAR(50), PIB BIGINT, COEFICIENTEGINI DOUBLE)
DISCONNECT
/*C4*/SET SCHEMA PUBLIC
DISCONNECT
/*C3*/SET SCHEMA PUBLIC
INSERT INTO PAISES VALUES('Belice','Froyla Tzalam',1987000064,53.3E0)
COMMIT
DISCONNECT
/*C6*/SET SCHEMA PUBLIC
DISCONNECT
/*C5*/SET SCHEMA PUBLIC
INSERT INTO PAISES VALUES('El Salvador','Nayib Bukele',74818002944,38.8E0)
COMMIT
DISCONNECT
/*C8*/SET SCHEMA PUBLIC
DISCONNECT
/*C7*/SET SCHEMA PUBLIC
INSERT INTO PAISES VALUES('Guatemala','Alejandro Giammattei',185474007040,48.3E0)
COMMIT
DISCONNECT
/*C10*/SET SCHEMA PUBLIC
DISCONNECT
/*C9*/SET SCHEMA PUBLIC
INSERT INTO PAISES VALUES('Honduras','Xiomara Castro',85625004032,48.2E0)
COMMIT
DISCONNECT
/*C12*/SET SCHEMA PUBLIC
DISCONNECT
/*C11*/SET SCHEMA PUBLIC
INSERT INTO PAISES VALUES('Nicaragua','Daniel Ortega',47770001408,46.2E0)
COMMIT
DISCONNECT
/*C14*/SET SCHEMA PUBLIC
DISCONNECT
/*C13*/SET SCHEMA PUBLIC
INSERT INTO PAISES VALUES('M\u00e9xico','Andr\u00e9s Manuel L\u00f3pez Obrador',2890684956672,45.4E0)
COMMIT
DISCONNECT
/*C16*/SET SCHEMA PUBLIC
DISCONNECT
/*C15*/SET SCHEMA PUBLIC
INSERT INTO PAISES VALUES('Panam\u00e1','Laurentino Cortizo',128499998720,50.9E0)
COMMIT
DISCONNECT
/*C18*/SET SCHEMA PUBLIC
DISCONNECT
/*C17*/SET SCHEMA PUBLIC
INSERT INTO PAISES VALUES('Costa Rica','Rodrigo Chaves',129949999104,47.2E0)
COMMIT
DISCONNECT
/*C19*/SET SCHEMA PUBLIC
DISCONNECT
/*C20*/SET SCHEMA PUBLIC
DISCONNECT
/*C22*/SET SCHEMA PUBLIC
DISCONNECT
/*C21*/SET SCHEMA PUBLIC
INSERT INTO PAISES VALUES('Argelia','Abdelmadjid Tebboune',221957,27.6E0)
COMMIT
DISCONNECT
/*C23*/SET SCHEMA PUBLIC
DISCONNECT
/*C25*/SET SCHEMA PUBLIC
DISCONNECT
/*C24*/SET SCHEMA PUBLIC
DELETE FROM PAISES WHERE NOMBRE='Argelia'
COMMIT
DISCONNECT
/*C26*/SET SCHEMA PUBLIC
DISCONNECT
/*C27*/SET SCHEMA PUBLIC
DELETE FROM PAISES WHERE NOMBRE='Belice'
INSERT INTO PAISES VALUES('Belice','Froyla Tzalam',1997000064,53.3E0)
COMMIT
DISCONNECT
/*C28*/SET SCHEMA PUBLIC
DELETE FROM PAISES WHERE NOMBRE='El Salvador'
INSERT INTO PAISES VALUES('El Salvador','Nayib Bukele',74828002944,38.8E0)
COMMIT
DISCONNECT
/*C29*/SET SCHEMA PUBLIC
DELETE FROM PAISES WHERE NOMBRE='Guatemala'
INSERT INTO PAISES VALUES('Guatemala','Alejandro Giammattei',185484007040,48.3E0)
COMMIT
DISCONNECT
/*C30*/SET SCHEMA PUBLIC
DELETE FROM PAISES WHERE NOMBRE='Honduras'
INSERT INTO PAISES VALUES('Honduras','Xiomara Castro',85635004032,48.2E0)
COMMIT
DISCONNECT
/*C31*/SET SCHEMA PUBLIC
DELETE FROM PAISES WHERE NOMBRE='Nicaragua'
INSERT INTO PAISES VALUES('Nicaragua','Daniel Ortega',47780001408,46.2E0)
COMMIT
DISCONNECT
/*C32*/SET SCHEMA PUBLIC
DELETE FROM PAISES WHERE NOMBRE='M\u00e9xico'
INSERT INTO PAISES VALUES('M\u00e9xico','Andr\u00e9s Manuel L\u00f3pez Obrador',2890694956672,45.4E0)
COMMIT
DISCONNECT
/*C33*/SET SCHEMA PUBLIC
DELETE FROM PAISES WHERE NOMBRE='Panam\u00e1'
INSERT INTO PAISES VALUES('Panam\u00e1','Laurentino Cortizo',128509998720,50.9E0)
COMMIT
DISCONNECT
/*C34*/SET SCHEMA PUBLIC
DELETE FROM PAISES WHERE NOMBRE='Costa Rica'
INSERT INTO PAISES VALUES('Costa Rica','Rodrigo Chaves',129959999104,47.2E0)
COMMIT
DISCONNECT
/*C35*/SET SCHEMA PUBLIC
DISCONNECT
/*C36*/SET SCHEMA PUBLIC
DELETE FROM PAISES WHERE NOMBRE='M\u00e9xico'
DELETE FROM PAISES WHERE NOMBRE='Honduras'
DELETE FROM PAISES WHERE NOMBRE='El Salvador'
INSERT INTO PAISES VALUES('M\u00e9xico','Andr\u00e9s Manuel L\u00f3pez Obrador',2890694956672,30.266666666666666E0)
INSERT INTO PAISES VALUES('Honduras','Xiomara Castro',85635004032,32.13333333333333E0)
INSERT INTO PAISES VALUES('El Salvador','Nayib Bukele',74828002944,25.866666666666664E0)
COMMIT
DISCONNECT
/*C37*/SET SCHEMA PUBLIC
DISCONNECT
